<?xml version="1.0" encoding="UTF-8"?>
<!-- Generated by org.testng.reporters.JUnitXMLReporter -->
<testsuite hostname="Gene-mgt.geneplus.org.cn" name="Command line test" tests="118" failures="0" timestamp="14 Oct 2017 12:20:53 GMT" time="0.562" errors="0">
  <testcase name="testChr1" time="0.007" classname="abra.ChromosomeRegexTest"/>
  <testcase name="testChrX" time="0.0" classname="abra.ChromosomeRegexTest"/>
  <testcase name="testHg19Decoy" time="0.001" classname="abra.ChromosomeRegexTest"/>
  <testcase name="testHg19Gl" time="0.0" classname="abra.ChromosomeRegexTest"/>
  <testcase name="testRandom" time="0.0" classname="abra.ChromosomeRegexTest"/>
  <testcase name="testUnplaced" time="0.001" classname="abra.ChromosomeRegexTest"/>
  <testcase name="testBeyondMultipleIndels" time="0.007" classname="abra.CigarUtilsTest"/>
  <testcase name="testCompare" time="0.003" classname="abra.CigarUtilsTest"/>
  <testcase name="testDeletion" time="0.0" classname="abra.CigarUtilsTest"/>
  <testcase name="testExactMatch" time="0.0" classname="abra.CigarUtilsTest"/>
  <testcase name="testExtendContig" time="0.0" classname="abra.CigarUtilsTest"/>
  <testcase name="testInjectSplice" time="0.0" classname="abra.CigarUtilsTest"/>
  <testcase name="testInjectSplices" time="0.001" classname="abra.CigarUtilsTest"/>
  <testcase name="testInsertion" time="0.0" classname="abra.CigarUtilsTest"/>
  <testcase name="testInsertionAtStart" time="0.0" classname="abra.CigarUtilsTest"/>
  <testcase name="testInsertionPartialOverlapAtEnd" time="0.0" classname="abra.CigarUtilsTest"/>
  <testcase name="testInsertionPartialOverlapAtStart" time="0.0" classname="abra.CigarUtilsTest"/>
  <testcase name="testMatchSubset" time="0.0" classname="abra.CigarUtilsTest"/>
  <testcase name="testMultipleIndels" time="0.0" classname="abra.CigarUtilsTest"/>
  <testcase name="testReadBeyondDeletion" time="0.0" classname="abra.CigarUtilsTest"/>
  <testcase name="testReadBeyondInsertion" time="0.0" classname="abra.CigarUtilsTest"/>
  <testcase name="testSkipDeletionAtEnd" time="0.001" classname="abra.CigarUtilsTest"/>
  <testcase name="testSkipDeletionAtStart" time="0.0" classname="abra.CigarUtilsTest"/>
  <testcase name="testSkipDeletionWithinStart" time="0.001" classname="abra.CigarUtilsTest"/>
  <testcase name="testSkipInsertionAtEnd" time="0.0" classname="abra.CigarUtilsTest"/>
  <testcase name="testOverlaps" time="0.0" classname="abra.FeatureTest"/>
  <testcase name="testBasic" time="0.003" classname="abra.cadabra.HomopolymerRunTest"/>
  <testcase name="testLeading" time="0.0" classname="abra.cadabra.HomopolymerRunTest"/>
  <testcase name="testNone" time="0.0" classname="abra.cadabra.HomopolymerRunTest"/>
  <testcase name="testTrailing" time="0.0" classname="abra.cadabra.HomopolymerRunTest"/>
  <testcase name="testShiftCigarLeft_basic" time="0.006" classname="abra.IndelShifterTest"/>
  <testcase name="testShiftCigarLeft_complex" time="0.0" classname="abra.IndelShifterTest"/>
  <testcase name="testShiftCigarLeft_insertAtTail" time="0.0" classname="abra.IndelShifterTest"/>
  <testcase name="testShiftCigarLeft_multipleIndels" time="0.0" classname="abra.IndelShifterTest"/>
  <testcase name="testShiftCigarLeft_softClipping" time="0.001" classname="abra.IndelShifterTest"/>
  <testcase name="testShiftDelLeft" time="0.003" classname="abra.IndelShifterTest"/>
  <testcase name="testShiftIndelsLeft" time="0.028" classname="abra.IndelShifterTest"/>
  <testcase name="testShiftIndelsLeft_LocalRef" time="0.0" classname="abra.IndelShifterTest"/>
  <testcase name="testCombineJunctions" time="0.007" classname="abra.JunctionUtilsTest"/>
  <testcase name="testGetRegionJunctions" time="0.009" classname="abra.JunctionUtilsTest"/>
  <testcase name="testLoadJunctionsFromGtf" time="0.007" classname="abra.JunctionUtilsTest"/>
  <testcase name="testReadTwoBams" time="0.294" classname="abra.MultiSamReaderTest"/>
  <testcase name="testBamParams" time="0.034" classname="abra.ReAlignerOptionsTest"/>
  <testcase name="testNoParams" time="0.005" classname="abra.ReAlignerOptionsTest"/>
  <testcase name="testMapToMultipleContigsSynonymously" time="0.024" classname="abra.ReadEvaluatorTest"/>
  <testcase name="testMultimapWithinContig" time="0.0" classname="abra.ReadEvaluatorTest"/>
  <testcase name="testSelectBestAlignment" time="0.001" classname="abra.ReadEvaluatorTest"/>
  <testcase name="testSingleAlignmentSingleContig" time="0.0" classname="abra.ReadEvaluatorTest"/>
  <testcase name="testSingleAlignmentSingleContig_noImprovement" time="0.0" classname="abra.ReadEvaluatorTest"/>
  <testcase name="testSingleAlignmentSingleContig_reverseComplement" time="0.0" classname="abra.ReadEvaluatorTest"/>
  <testcase name="testCollapseRegions" time="0.001" classname="abra.RealignerTest"/>
  <testcase name="testPairJunctions" time="0.018" classname="abra.RealignerTest"/>
  <testcase name="testPairJunctions_cannotAppearInSameContig" time="0.0" classname="abra.RealignerTest"/>
  <testcase name="testGetRepeatPeriod_HpRun" time="0.003" classname="abra.cadabra.RepeatUtilsTest"/>
  <testcase name="testGetRepeatPeriod_NoRepeat" time="0.0" classname="abra.cadabra.RepeatUtilsTest"/>
  <testcase name="testGetRepeatPeriod_NoRepeat1" time="0.0" classname="abra.cadabra.RepeatUtilsTest"/>
  <testcase name="testGetRepeatPeriod_Str1" time="0.0" classname="abra.cadabra.RepeatUtilsTest"/>
  <testcase name="testGetRepeatPeriod_Str2" time="0.0" classname="abra.cadabra.RepeatUtilsTest"/>
  <testcase name="testGetRepeatPeriod_Str3" time="0.0" classname="abra.cadabra.RepeatUtilsTest"/>
  <testcase name="testGetRepeatUnit_Homopolymer" time="0.0" classname="abra.cadabra.RepeatUtilsTest"/>
  <testcase name="testGetRepeatUnit_NearHomopolymer1" time="0.001" classname="abra.cadabra.RepeatUtilsTest"/>
  <testcase name="testGetRepeatUnit_NearHomopolymer2" time="0.0" classname="abra.cadabra.RepeatUtilsTest"/>
  <testcase name="testGetRepeatUnit_NearHomopolymer3" time="0.0" classname="abra.cadabra.RepeatUtilsTest"/>
  <testcase name="testGetRepeatUnit_NearStr1" time="0.0" classname="abra.cadabra.RepeatUtilsTest"/>
  <testcase name="testGetRepeatUnit_SingleNt" time="0.0" classname="abra.cadabra.RepeatUtilsTest"/>
  <testcase name="testGetRepeatUnit_Str1" time="0.0" classname="abra.cadabra.RepeatUtilsTest"/>
  <testcase name="testGetRepeatUnit_Str2" time="0.0" classname="abra.cadabra.RepeatUtilsTest"/>
  <testcase name="testGetRepeatUnit_Str3" time="0.0" classname="abra.cadabra.RepeatUtilsTest"/>
  <testcase name="testGetLeadingClips" time="0.0" classname="abra.SAMRecordUtilsTest"/>
  <testcase name="testGetLeadingClips_empty" time="0.001" classname="abra.SAMRecordUtilsTest"/>
  <testcase name="testGetMappedReadPortion" time="0.0" classname="abra.SAMRecordUtilsTest"/>
  <testcase name="testGetTrailingClips" time="0.0" classname="abra.SAMRecordUtilsTest"/>
  <testcase name="testGetTrailingClips_empty" time="0.0" classname="abra.SAMRecordUtilsTest"/>
  <testcase name="testMergeSequences" time="0.001" classname="abra.SAMRecordUtilsTest"/>
  <testcase name="testMergeSequences_discordantMismatch" time="0.0" classname="abra.SAMRecordUtilsTest"/>
  <testcase name="testMergeSequences_multipleHeadHits" time="0.0" classname="abra.SAMRecordUtilsTest"/>
  <testcase name="testMergeSequences_preferredMismatch" time="0.0" classname="abra.SAMRecordUtilsTest"/>
  <testcase name="testMergeSequences_tooManyMismatches" time="0.0" classname="abra.SAMRecordUtilsTest"/>
  <testcase name="testRemoveSoftClips_withDeletionAndSoftClipAtEnd" time="0.0" classname="abra.SAMRecordUtilsTest"/>
  <testcase name="testRemoveSoftClips_withDeletionAndSoftClipAtStart" time="0.0" classname="abra.SAMRecordUtilsTest"/>
  <testcase name="testSubsetCigar_deletion" time="0.0" classname="abra.SAMRecordUtilsTest"/>
  <testcase name="testSubsetCigar_exact" time="0.0" classname="abra.SAMRecordUtilsTest"/>
  <testcase name="testSubsetCigar_lessThan1Elem" time="0.0" classname="abra.SAMRecordUtilsTest"/>
  <testcase name="testSubsetCigar_lessThan1Elem2" time="0.0" classname="abra.SAMRecordUtilsTest"/>
  <testcase name="testSubsetCigar_lessThan1Elem3" time="0.0" classname="abra.SAMRecordUtilsTest"/>
  <testcase name="testSubsetCigar_lessThanFirstElem" time="0.001" classname="abra.SAMRecordUtilsTest"/>
  <testcase name="testSubsetCigar_long" time="0.0" classname="abra.SAMRecordUtilsTest"/>
  <testcase name="testSubsetCigar_skipAndSpan1" time="0.0" classname="abra.SAMRecordUtilsTest"/>
  <testcase name="testSubsetCigar_skipAndSpan2" time="0.001" classname="abra.SAMRecordUtilsTest"/>
  <testcase name="testSubsetCigar_skipElem" time="0.0" classname="abra.SAMRecordUtilsTest"/>
  <testcase name="testSubsetCigar_skipElem2" time="0.0" classname="abra.SAMRecordUtilsTest"/>
  <testcase name="testSubsetCigar_spanAll1" time="0.0" classname="abra.SAMRecordUtilsTest"/>
  <testcase name="testSubsetCigar_spanAll2" time="0.0" classname="abra.SAMRecordUtilsTest"/>
  <testcase name="testSubsetCigar_spanAll3" time="0.0" classname="abra.SAMRecordUtilsTest"/>
  <testcase name="testSubsetCigar_spanAll4" time="0.0" classname="abra.SAMRecordUtilsTest"/>
  <testcase name="testSubsetCigar_spanElems1" time="0.0" classname="abra.SAMRecordUtilsTest"/>
  <testcase name="testSubsetCigar_spanElems2" time="0.0" classname="abra.SAMRecordUtilsTest"/>
  <testcase name="testSubsetCigar_spanElems3" time="0.0" classname="abra.SAMRecordUtilsTest"/>
  <testcase name="testConvertAndFilter" time="0.004" classname="abra.ScoredContigTest"/>
  <testcase name="testBigDel" time="0.008" classname="abra.SemiGlobalAlignerTest"/>
  <testcase name="testDelete" time="0.0" classname="abra.SemiGlobalAlignerTest"/>
  <testcase name="testEndToEnd" time="0.001" classname="abra.SemiGlobalAlignerTest"/>
  <testcase name="testExactMatch" time="0.0" classname="abra.SemiGlobalAlignerTest"/>
  <testcase name="testInsert" time="0.0" classname="abra.SemiGlobalAlignerTest"/>
  <testcase name="testInsert2" time="0.001" classname="abra.SemiGlobalAlignerTest"/>
  <testcase name="testMismatches" time="0.001" classname="abra.SemiGlobalAlignerTest"/>
  <testcase name="testUnderflowBug" time="0.045" classname="abra.SemiGlobalAlignerTest"/>
  <testcase name="testMapAmbiguousMatch" time="0.0" classname="abra.SimpleMapperTest"/>
  <testcase name="testMapAmbiguousMatchWithMismatches" time="0.0" classname="abra.SimpleMapperTest"/>
  <testcase name="testMapExact" time="0.001" classname="abra.SimpleMapperTest"/>
  <testcase name="testMapFiveMismatches" time="0.0" classname="abra.SimpleMapperTest"/>
  <testcase name="testMapNoSeedMatch" time="0.001" classname="abra.SimpleMapperTest"/>
  <testcase name="testMapOneMismatch" time="0.0" classname="abra.SimpleMapperTest"/>
  <testcase name="testMapSixMismatchesIncreasedMismatchRate" time="0.001" classname="abra.SimpleMapperTest"/>
  <testcase name="testReverseComplement2Mismatches" time="0.0" classname="abra.SimpleMapperTest"/>
  <testcase name="testReverseComplementExact" time="0.001" classname="abra.SimpleMapperTest"/>
  <testcase name="testShortAmbiguousMatch" time="0.0" classname="abra.SimpleMapperTest"/>
  <testcase name="testSimple1Mismatch" time="0.0" classname="abra.SimpleMapperTest"/>
</testsuite> <!-- Command line test -->
